<?xml version="1.0" encoding="UTF-8"?>
<testng-results ignored="0" total="1" passed="1" failed="0" skipped="0">
  <reporter-output>
  </reporter-output>
  <suite started-at="2026-03-30T16:16:10 IST" name="Default suite" finished-at="2026-03-30T16:16:32 IST" duration-ms="22537">
    <groups>
    </groups>
    <test started-at="2026-03-30T16:16:10 IST" name="Default test" finished-at="2026-03-30T16:16:32 IST" duration-ms="22537">
      <class name="JavaTest.LambdaTest.TC03_InputForm">
        <test-method is-config="true" signature="setUp()[pri:0, instance:JavaTest.LambdaTest.TC03_InputForm@71d44a3]" started-at="2026-03-30T16:16:10 IST" name="setUp" finished-at="2026-03-30T16:16:20 IST" duration-ms="10242" status="PASS">
          <reporter-output>
          </reporter-output>
        </test-method> <!-- setUp -->
        <test-method signature="testInputFormSubmit()[pri:0, instance:JavaTest.LambdaTest.TC03_InputForm@71d44a3]" started-at="2026-03-30T16:16:20 IST" name="testInputFormSubmit" finished-at="2026-03-30T16:16:30 IST" duration-ms="10450" status="PASS">
          <reporter-output>
          </reporter-output>
        </test-method> <!-- testInputFormSubmit -->
        <test-method is-config="true" signature="tearDown()[pri:0, instance:JavaTest.LambdaTest.TC03_InputForm@71d44a3]" started-at="2026-03-30T16:16:30 IST" name="tearDown" finished-at="2026-03-30T16:16:32 IST" duration-ms="1780" status="PASS">
          <reporter-output>
          </reporter-output>
        </test-method> <!-- tearDown -->
      </class> <!-- JavaTest.LambdaTest.TC03_InputForm -->
    </test> <!-- Default test -->
  </suite> <!-- Default suite -->
</testng-results>
